#
# There is insufficient memory for the Java Runtime Environment to continue.
# Native memory allocation (mmap) failed to map 132120576 bytes for Failed to commit area from 0x0000000082a00000 to 0x000000008a800000 of length 132120576.
# Possible reasons:
#   The system is out of physical RAM or swap space
#   The process is running with CompressedOops enabled, and the Java Heap may be blocking the growth of the native heap
# Possible solutions:
#   Reduce memory load on the system
#   Increase physical memory or swap space
#   Check if swap backing store is full
#   Decrease Java heap size (-Xmx/-Xms)
#   Decrease number of Java threads
#   Decrease Java thread stack sizes (-Xss)
#   Set larger code cache with -XX:ReservedCodeCacheSize=
# This output file may be truncated or incomplete.
#
#  Out of Memory Error (t:/workspace/hotspot/src/os/windows/vm/os_windows.cpp:3357), pid=18056, tid=17940
#
# JRE version:  (9.0+11) (build )
# Java VM: Java HotSpot(TM) 64-Bit Server VM (9.0.4+11, mixed mode, tiered, compressed oops, g1 gc, windows-amd64)
# No core dump will be written. Minidumps are not enabled by default on client versions of Windows
#

---------------  S U M M A R Y ------------

Command Line: -Dfile.encoding=Cp1252 lispInterpreter.InterpreterMain

Host: Intel(R) Core(TM) i7-6700HQ CPU @ 2.60GHz, 8 cores, 7G,  Windows 10 , 64 bit Build 16299 (10.0.16299.15)
Time: Sun Apr 15 16:58:31 2018 Mountain Daylight Time elapsed time: 0 seconds (0d 0h 0m 0s)

---------------  T H R E A D  ---------------

Current thread (0x0000012113e5d000):  JavaThread "Unknown thread" [_thread_in_vm, id=17940, stack(0x0000001b66f00000,0x0000001b67000000)]

Stack: [0x0000001b66f00000,0x0000001b67000000]
Native frames: (J=compiled Java code, j=interpreted, Vv=VM code, C=native code)
V  [jvm.dll+0x587068]
V  [jvm.dll+0x69c25e]
V  [jvm.dll+0x69d17a]
V  [jvm.dll+0x69d7b3]
V  [jvm.dll+0x21d198]
V  [jvm.dll+0x584bb4]
V  [jvm.dll+0x57a095]
V  [jvm.dll+0x2cd67b]
V  [jvm.dll+0x2cd5e3]
V  [jvm.dll+0x2cd4b2]
V  [jvm.dll+0x2cf4b3]
V  [jvm.dll+0x3191e3]
V  [jvm.dll+0x3198f6]
V  [jvm.dll+0x3192e3]
V  [jvm.dll+0x2adeb8]
V  [jvm.dll+0x2af0e7]
V  [jvm.dll+0x67b34d]
V  [jvm.dll+0x67c70c]
V  [jvm.dll+0x3269c9]
V  [jvm.dll+0x66555e]
V  [jvm.dll+0x391811]
V  [jvm.dll+0x3937c1]
C  [javaw.exe+0x3501]
C  [javaw.exe+0xe25f]
C  [javaw.exe+0xe406]
C  [KERNEL32.DLL+0x11fe4]
C  [ntdll.dll+0x6f061]


---------------  P R O C E S S  ---------------

Java Threads: ( => current thread )

Other Threads:
  0x0000012113e75800 GCTaskThread "GC Thread#0" [stack: 0x0000001b67000000,0x0000001b67100000] [id=17288]
  0x0000012113e77000 GCTaskThread "GC Thread#1" [stack: 0x0000001b67100000,0x0000001b67200000] [id=17404]
  0x0000012113e79800 GCTaskThread "GC Thread#2" [stack: 0x0000001b67200000,0x0000001b67300000] [id=17080]
  0x0000012113e81000 GCTaskThread "GC Thread#3" [stack: 0x0000001b67300000,0x0000001b67400000] [id=18084]
  0x0000012113e86000 GCTaskThread "GC Thread#4" [stack: 0x0000001b67400000,0x0000001b67500000] [id=16468]
  0x0000012113e87000 GCTaskThread "GC Thread#5" [stack: 0x0000001b67500000,0x0000001b67600000] [id=16928]
  0x0000012113e87800 GCTaskThread "GC Thread#6" [stack: 0x0000001b67600000,0x0000001b67700000] [id=17364]
  0x0000012113e85800 GCTaskThread "GC Thread#7" [stack: 0x0000001b67700000,0x0000001b67800000] [id=16464]
  0x0000012130d18000 ConcurrentGCThread "G1 Main Marker" [stack: 0x0000001b68100000,0x0000001b68200000] [id=16920]
  0x0000012113e85000 ConcurrentGCThread "G1 Marker#0" [stack: 0x0000001b68200000,0x0000001b68300000] [id=17320]
  0x0000012113e8a000 ConcurrentGCThread "G1 Marker#1" [stack: 0x0000001b68300000,0x0000001b68400000] [id=14208]
  0x0000012113eae800 ConcurrentGCThread "G1 Refine#0" [stack: 0x0000001b67f00000,0x0000001b68000000] [id=18296]
  0x0000012113eb1800 ConcurrentGCThread "G1 Refine#1" [stack: 0x0000001b67e00000,0x0000001b67f00000] [id=17020]
  0x0000012113eb0800 ConcurrentGCThread "G1 Refine#2" [stack: 0x0000001b67d00000,0x0000001b67e00000] [id=6168]
  0x0000012113eaf800 ConcurrentGCThread "G1 Refine#3" [stack: 0x0000001b67c00000,0x0000001b67d00000] [id=18308]
  0x0000012113eaa000 ConcurrentGCThread "G1 Refine#4" [stack: 0x0000001b67b00000,0x0000001b67c00000] [id=16672]
  0x0000012113e9f000 ConcurrentGCThread "G1 Refine#5" [stack: 0x0000001b67a00000,0x0000001b67b00000] [id=4396]
  0x0000012113e9a800 ConcurrentGCThread "G1 Refine#6" [stack: 0x0000001b67900000,0x0000001b67a00000] [id=17604]
  0x0000012113e93800 ConcurrentGCThread "G1 Refine#7" [stack: 0x0000001b67800000,0x0000001b67900000] [id=16568]
  0x0000012113ebc000 ConcurrentGCThread "G1 Young RemSet Sampling" [stack: 0x0000001b68000000,0x0000001b68100000] [id=17208]

=>0x0000012113e5d000 (exited) JavaThread "Unknown thread" [_thread_in_vm, id=17940, stack(0x0000001b66f00000,0x0000001b67000000)]

Threads with active compile tasks:

VM state:not at safepoint (not fully initialized)

VM Mutex/Monitor currently owned by a thread:  ([mutex/lock_event])
[0x0000012113e5c900] Heap_lock - owner thread: 0x0000012113e5d000

Heap address: 0x0000000082a00000, size: 2006 MB, Compressed Oops mode: Non-zero based: 0x0000000082a00000
Narrow klass base: 0x0000000000000000, Narrow klass shift: 0

GC Heap History (0 events):
No events

Deoptimization events (0 events):
No events

Classes redefined (0 events):
No events

Internal exceptions (0 events):
No events

Events (0 events):
No events


Dynamic libraries:
0x00007ff69d6e0000 - 0x00007ff69d71e000 	C:\Program Files\Java\jre-9.0.4\bin\javaw.exe
0x00007ffea4d50000 - 0x00007ffea4f30000 	C:\WINDOWS\SYSTEM32\ntdll.dll
0x00007ffe78cc0000 - 0x00007ffe78cf4000 	C:\Program Files\AVAST Software\Avast\x64\aswhooka.dll
0x00007ffea4a60000 - 0x00007ffea4b0e000 	C:\WINDOWS\System32\KERNEL32.DLL
0x00007ffea1150000 - 0x00007ffea13b6000 	C:\WINDOWS\System32\KERNELBASE.dll
0x00007ffea4890000 - 0x00007ffea4931000 	C:\WINDOWS\System32\ADVAPI32.dll
0x00007ffea2240000 - 0x00007ffea22dd000 	C:\WINDOWS\System32\msvcrt.dll
0x00007ffea4b10000 - 0x00007ffea4b6b000 	C:\WINDOWS\System32\sechost.dll
0x00007ffea4940000 - 0x00007ffea4a5f000 	C:\WINDOWS\System32\RPCRT4.dll
0x00007ffea4140000 - 0x00007ffea42cf000 	C:\WINDOWS\System32\USER32.dll
0x00007ffea1ab0000 - 0x00007ffea1ad0000 	C:\WINDOWS\System32\win32u.dll
0x00007ffea4c90000 - 0x00007ffea4cb8000 	C:\WINDOWS\System32\GDI32.dll
0x00007ffea1470000 - 0x00007ffea1603000 	C:\WINDOWS\System32\gdi32full.dll
0x00007ffea1a10000 - 0x00007ffea1aab000 	C:\WINDOWS\System32\msvcp_win.dll
0x00007ffea1610000 - 0x00007ffea1706000 	C:\WINDOWS\System32\ucrtbase.dll
0x00007ffe99c30000 - 0x00007ffe99e99000 	C:\WINDOWS\WinSxS\amd64_microsoft.windows.common-controls_6595b64144ccf1df_6.0.16299.371_none_15c7d1789365a290\COMCTL32.dll
0x00007ffea2310000 - 0x00007ffea2618000 	C:\WINDOWS\System32\combase.dll
0x00007ffea17c0000 - 0x00007ffea1832000 	C:\WINDOWS\System32\bcryptPrimitives.dll
0x00007ffe95ad0000 - 0x00007ffe95ada000 	C:\WINDOWS\SYSTEM32\VERSION.dll
0x00007ffea22e0000 - 0x00007ffea230d000 	C:\WINDOWS\System32\IMM32.DLL
0x00007ffe7ed50000 - 0x00007ffe7ee3f000 	C:\Program Files\Java\jre-9.0.4\bin\msvcr120.dll
0x00007ffe7ccc0000 - 0x00007ffe7cd66000 	C:\Program Files\Java\jre-9.0.4\bin\msvcp120.dll
0x0000000062fd0000 - 0x00000000639f5000 	C:\Program Files\Java\jre-9.0.4\bin\server\jvm.dll
0x00007ffea4130000 - 0x00007ffea4138000 	C:\WINDOWS\System32\PSAPI.DLL
0x00007ffe81b10000 - 0x00007ffe81b19000 	C:\WINDOWS\SYSTEM32\WSOCK32.dll
0x00007ffea3c60000 - 0x00007ffea3ccc000 	C:\WINDOWS\System32\WS2_32.dll
0x00007ffe9e1f0000 - 0x00007ffe9e213000 	C:\WINDOWS\SYSTEM32\WINMM.dll
0x00007ffe9de20000 - 0x00007ffe9de4a000 	C:\WINDOWS\SYSTEM32\WINMMBASE.dll
0x00007ffea13c0000 - 0x00007ffea140a000 	C:\WINDOWS\System32\cfgmgr32.dll
0x00007ffe955c0000 - 0x00007ffe955cf000 	C:\Program Files\Java\jre-9.0.4\bin\verify.dll
0x00007ffe86ba0000 - 0x00007ffe86bc7000 	C:\Program Files\Java\jre-9.0.4\bin\java.dll
0x00007ffe92f50000 - 0x00007ffe92f66000 	C:\Program Files\Java\jre-9.0.4\bin\zip.dll
0x00007ffe93180000 - 0x00007ffe9318a000 	C:\Program Files\Java\jre-9.0.4\bin\jimage.dll
0x00007ffe9f230000 - 0x00007ffe9f3f8000 	C:\WINDOWS\SYSTEM32\dbghelp.dll

VM Arguments:
jvm_args: -Dfile.encoding=Cp1252 
java_command: lispInterpreter.InterpreterMain
java_class_path (initial): C:\Users\black\eclipse-workspace\LispInterpreter\bin
Launcher Type: SUN_STANDARD

Logging:
Log output configuration:
#0: stdout all=warning uptime,level,tags
#1: stderr all=off uptime,level,tags

Environment Variables:
PATH=C:\Program Files\Haskell\bin;C:\Program Files\Haskell Platform\8.2.2\lib\extralibs\bin;C:\Program Files\Haskell Platform\8.2.2\bin;C:\ProgramData\Oracle\Java\javapath;C:\Program Files (x86)\Intel\iCLS Client\;C:\Program Files\Intel\iCLS Client\;C:\Windows\system32;C:\Windows;C:\Windows\System32\Wbem;C:\Windows\System32\WindowsPowerShell\v1.0\;C:\Program Files (x86)\NVIDIA Corporation\PhysX\Common;C:\Program Files (x86)\Intel\Intel(R) Management Engine Components\DAL;C:\Program Files\Intel\Intel(R) Management Engine Components\DAL;C:\Program Files (x86)\Intel\Intel(R) Management Engine Components\IPT;C:\Program Files\Intel\Intel(R) Management Engine Components\IPT;C:\Program Files (x86)\GtkSharp\2.12\bin;C:\WINDOWS\system32;C:\WINDOWS;C:\WINDOWS\System32\Wbem;C:\WINDOWS\System32\WindowsPowerShell\v1.0\;C:\Program Files\Intel\WiFi\bin\;C:\Program Files\Common Files\Intel\WirelessCommon\;C:\Program Files (x86)\Skype\Phone\;C:\Program Files\Haskell Platform\8.2.2\mingw\bin;C:\Program Files\MiKTeX 2.9\miktex\bin\x64\;C:\Users\black\AppData\Roaming\cabal\bin;C:\Users\black\AppData\Roaming\local\bin;C:\Users\black\AppData\Local\Microsoft\WindowsApps;C:\Program Files\Intel\WiFi\bin\;C:\Program Files\Common Files\Intel\WirelessCommon\;C:\Users\black\AppData\Local\atom\bin
USERNAME=black
OS=Windows_NT
PROCESSOR_IDENTIFIER=Intel64 Family 6 Model 94 Stepping 3, GenuineIntel



---------------  S Y S T E M  ---------------

OS: Windows 10 , 64 bit Build 16299 (10.0.16299.15)

CPU:total 8 (initial active 8) (4 cores per cpu, 2 threads per core) family 6 model 94 stepping 3, cmov, cx8, fxsr, mmx, sse, sse2, sse3, ssse3, sse4.1, sse4.2, popcnt, avx, avx2, aes, clmul, erms, rtm, 3dnowpref, lzcnt, ht, tsc, tscinvbit, bmi1, bmi2, adx, fma

Memory: 4k page, physical 8212256k(1711276k free), swap 12406560k(113720k free)

vm_info: Java HotSpot(TM) 64-Bit Server VM (9.0.4+11) for windows-amd64 JRE (9.0.4+11), built on Dec 20 2017 02:18:54 by "mach5one" with MS VC++ 12.0 (VS2013)

END.
